<?xml version="1.0" encoding="UTF-8"?>
<testsuite name="SpotifyRestAssured" tests="1" skipped="0" failures="0" errors="0" timestamp="2020-02-09T10:29:29" hostname="admin1-HP-EliteBook-Folio-9480m" time="3.111">
  <properties/>
  <testcase name="givenApiUnderExecution_WhenPassedTokenToApi_ShouldGiveTheCurrentUsersProfile" classname="SpotifyRestAssured" time="3.111"/>
  <system-out><![CDATA[checking userId----------------iwcrgi2n7krzrquhkf5g3jbvh
new playlist with---------------------------------51
0JMNu1fHKMAvsS3ZdHbvYgretrieve playlist by id--------------------------------------0JMNu1fHKMAvsS3ZdHbvYg
updated playlist count-----------------------------------52
updating playlist of id-----------------------------------0JMNu1fHKMAvsS3ZdHbvYg
]]></system-out>
  <system-err><![CDATA[]]></system-err>
</testsuite>
